<?xml version="1.0" encoding="UTF-8"?>
<!-- Generated by org.testng.reporters.JUnitReportReporter -->
<testsuite hostname="VMVDIA3276" failures="1" tests="4" name="testRunner.TestNGTestRunner" time="195.838" errors="0" timestamp="2022-05-10T14:14:15 IST" skipped="0">
  <testcase classname="testRunner.TestNGTestRunner" name="runScenario" time="48.083"/>
  <system-out/>
  <testcase classname="testRunner.TestNGTestRunner" name="runScenario" time="48.627"/>
  <system-out/>
  <testcase classname="testRunner.TestNGTestRunner" name="runScenario" time="48.191"/>
  <system-out/>
  <testcase classname="testRunner.TestNGTestRunner" name="runScenario" time="50.937">
    <failure message="expected [No data] but found [Beetroot]" type="java.lang.AssertionError">
      <![CDATA[java.lang.AssertionError: expected [No data] but found [Beetroot]
at org.testng.Assert.fail(Assert.java:110)
at org.testng.Assert.failNotEquals(Assert.java:1413)
at org.testng.Assert.assertEqualsImpl(Assert.java:149)
at org.testng.Assert.assertEquals(Assert.java:131)
at org.testng.Assert.assertEquals(Assert.java:655)
at org.testng.Assert.assertEquals(Assert.java:665)
at stepDefinitions.OfferPageStepDefinition.validate_the_product_name_in_offer_page_with_landing_page(OfferPageStepDefinition.java:49)
at âœ½.Validate the product name in offer page with landing page(file:///C:/Users/vramanathan3/eclipse-workspace/BDDSeleniumFramework/src/test/resources/Features/searchProduct.feature:9)
]]>
    </failure>
  </testcase> <!-- runScenario -->
  <system-out/>
</testsuite> <!-- testRunner.TestNGTestRunner -->
